<?xml version="1.0" encoding="UTF-8"?>
<!-- Generated by org.testng.reporters.JUnitXMLReporter -->
<testsuite hostname="DESKTOP-PTK84VK" ignored="0" name="Test" tests="2" failures="1" timestamp="2021-09-10T23:32:46 IST" time="36.199" errors="0">
  <testcase name="login" time="15.818" classname="testCases.Login"/>
  <testcase name="titleVerification" time="0.004" classname="testCases.Login">
    <failure type="java.lang.NullPointerException">
      <![CDATA[java.lang.NullPointerException
at testCases.Login.titleVerification(Login.java:34)
at java.util.ArrayList.forEach(ArrayList.java:1259)
... Removed 27 stack frames]]>
    </failure>
  </testcase> <!-- titleVerification -->
</testsuite> <!-- Test -->
